C51 COMPILER V9.59.0.0   HW                                                                12/26/2021 22:30:56 PAGE 1   


C51 COMPILER V9.59.0.0, COMPILATION OF MODULE HW
OBJECT MODULE PLACED IN .\Objects\hw.obj
COMPILER INVOKED BY: C:\bin\Keil_v5\C51\BIN\C51.EXE hw.c OPTIMIZE(8,SPEED) BROWSE DEBUG OBJECTEXTEND PRINT(.\Listings\hw
                    -.lst) TABS(2) OBJECT(.\Objects\hw.obj)

line level    source

   1          /*
   2          ********************************************************************************
   3          *                             ---ofme---
   4          *           Copyleft (c) 2021, 微风山谷 / ofourme@163.com
   5          *           License: LGPL
   6          *
   7          *   HW.C-V0.5.0 (2021.Dec.5th)
   8          *
   9          ********************************************************************************
  10          */
  11          
  12          #define __HW_C__
  13          
  14          /*-DO NOT ADD YOUR CODE BEFORE HERE!-*\\\\\\\\\\\\\\\\\\\\\\\\\\\\\-WIDTH: 80-*/
  15          /******************************************************************************/
  16          
  17          #include "hw.h"
  18          #include "lib.h"
  19          #include "config.h"
  20          #include "app.h"
  21          
  22          /*%%%%%%%%%%%%%%%%%%%%%%%%%%%%%%%%%%%%%%%%%%%%%%%%%%%%%%%%%%%%%%%%%%%%%%%%%%%%*/
  23          
  24          
  25          /*////////////////////////////////////////////////////////////////////////////*/
  26          //串口通信
  27          #if defined( SBUS_BPS_115200 )
  28            #define UART_BPS  UART_BPS_115200
  29          #elif defined ( SBUS_BPS_9600 )
                #define UART_BPS  UART_BPS_9600
              #else
                #define UART_BPS  UART_BPS_100K
              #endif
  34          
  35          
  36          
  37          /******************************************************************************/
  38          /*-DO NOT ADD YOUR CODE AFTER HERE!-*\\\\\\\\\\\\\\\\\\\\\\\\\\\\\\-WIDTH: 80-*/


MODULE INFORMATION:   STATIC OVERLAYABLE
   CODE SIZE        =   ----    ----
   CONSTANT SIZE    =   ----    ----
   XDATA SIZE       =   ----    ----
   PDATA SIZE       =   ----    ----
   DATA SIZE        =   ----    ----
   IDATA SIZE       =   ----    ----
   BIT SIZE         =   ----    ----
END OF MODULE INFORMATION.


C51 COMPILATION COMPLETE.  0 WARNING(S),  0 ERROR(S)
