C51 COMPILER V9.59.0.0   MAIN                                                              01/09/2022 02:19:05 PAGE 1   


C51 COMPILER V9.59.0.0, COMPILATION OF MODULE MAIN
OBJECT MODULE PLACED IN .\Objects\main.obj
COMPILER INVOKED BY: C:\bin\Keil_v5\C51\BIN\C51.EXE main.c OPTIMIZE(8,SPEED) BROWSE DEBUG OBJECTEXTEND PRINT(.\Listings\
                    -main.lst) TABS(2) OBJECT(.\Objects\main.obj)

line level    source

   1          /*
   2          ********************************************************************************
   3          *                             ---ofme---
   4          *           Copyleft (c) 2021, 微风山谷 / ofourme@163.com
   5          *           License: LGPL
   6          *
   7          *   MAIN.C-V1.0.0 (2021.Dec.25th)
   8          *
   9          ********************************************************************************
  10          */
  11          
  12          #define __MAIN_C__
  13          
  14          /*-DO NOT ADD YOUR CODE BEFORE HERE!-*\\\\\\\\\\\\\\\\\\\\\\\\\\\\\-WIDTH: 80-*/
  15          /******************************************************************************/
  16          
  17          void setup(void);
  18          void loop (void);
  19          
  20          /*%%%%%%%%%%%%%%%%%%%%%%%%%%%%%%%%%%%%%%%%%%%%%%%%%%%%%%%%%%%%%%%%%%%%%%%%%%%%*/
  21          
  22          int main()
  23          {
  24   1        setup();
  25   1      
  26   1        while(1)
  27   1        {
  28   2          loop();
  29   2        }
  30   1      }
  31          
  32          /******************************************************************************/
  33          /*-DO NOT ADD YOUR CODE AFTER HERE!-*\\\\\\\\\\\\\\\\\\\\\\\\\\\\\\-WIDTH: 80-*/


MODULE INFORMATION:   STATIC OVERLAYABLE
   CODE SIZE        =      8    ----
   CONSTANT SIZE    =   ----    ----
   XDATA SIZE       =   ----    ----
   PDATA SIZE       =   ----    ----
   DATA SIZE        =   ----    ----
   IDATA SIZE       =   ----    ----
   BIT SIZE         =   ----    ----
END OF MODULE INFORMATION.


C51 COMPILATION COMPLETE.  0 WARNING(S),  0 ERROR(S)
